# JRE version: OpenJDK Runtime Environment (17.0.6) (build 17.0.6+0-b2043.56-10027231)
# Java VM: OpenJDK 64-Bit Server VM (17.0.6+0-b2043.56-10027231, mixed mode, tiered, compressed oops, compressed class ptrs, g1 gc, windows-amd64)
GC Precious Log:
 CPUs: 8 total, 8 available
 Memory: 6077M
 Large Page Support: Disabled
 NUMA Support: Disabled
 Compressed Oops: Enabled (32-bit)
 Heap Region Size: 1M
 Heap Min Capacity: 8M
 Heap Initial Capacity: 96M
 Heap Max Capacity: 2G
 Pre-touch: Disabled
 Parallel Workers: 8
 Concurrent Workers: 2
 Concurrent Refinement Workers: 8
 Periodic GC: Disabled
Heap:
 garbage-first heap   total 250880K, used 132670K [0x0000000080000000, 0x0000000100000000)
  region size 1024K, 2 young (2048K), 2 survivors (2048K)
 Metaspace       used 112664K, committed 113344K, reserved 1146880K
  class space    used 14984K, committed 15296K, reserved 1048576K
GC Heap History (20 events):
Event: 35.397 GC heap after
{Heap after GC invocations=40 (full 0):
 garbage-first heap   total 181248K, used 79693K [0x0000000080000000, 0x0000000100000000)
  region size 1024K, 9 young (9216K), 9 survivors (9216K)
 Metaspace       used 98232K, committed 98880K, reserved 1138688K
  class space    used 13274K, committed 13568K, reserved 1048576K
}
Event: 37.029 GC heap before
{Heap before GC invocations=40 (full 0):
 garbage-first heap   total 181248K, used 144205K [0x0000000080000000, 0x0000000100000000)
  region size 1024K, 72 young (73728K), 9 survivors (9216K)
 Metaspace       used 100295K, committed 100928K, reserved 1138688K
  class space    used 13549K, committed 13824K, reserved 1048576K
}
Event: 37.052 GC heap after
{Heap after GC invocations=41 (full 0):
 garbage-first heap   total 181248K, used 88565K [0x0000000080000000, 0x0000000100000000)
  region size 1024K, 9 young (9216K), 9 survivors (9216K)
 Metaspace       used 100295K, committed 100928K, reserved 1138688K
  class space    used 13549K, committed 13824K, reserved 1048576K
}
Event: 39.667 GC heap before
{Heap before GC invocations=41 (full 0):
 garbage-first heap   total 181248K, used 144885K [0x0000000080000000, 0x0000000100000000)
  region size 1024K, 64 young (65536K), 9 survivors (9216K)
 Metaspace       used 103837K, committed 104512K, reserved 1146880K
  class space    used 14010K, committed 14336K, reserved 1048576K
}
Event: 39.685 GC heap after
{Heap after GC invocations=42 (full 0):
 garbage-first heap   total 181248K, used 97921K [0x0000000080000000, 0x0000000100000000)
  region size 1024K, 8 young (8192K), 8 survivors (8192K)
 Metaspace       used 103837K, committed 104512K, reserved 1146880K
  class space    used 14010K, committed 14336K, reserved 1048576K
}
Event: 41.491 GC heap before
{Heap before GC invocations=42 (full 0):
 garbage-first heap   total 181248K, used 144001K [0x0000000080000000, 0x0000000100000000)
  region size 1024K, 54 young (55296K), 8 survivors (8192K)
 Metaspace       used 104181K, committed 104960K, reserved 1146880K
  class space    used 14023K, committed 14400K, reserved 1048576K
}
Event: 41.505 GC heap after
{Heap after GC invocations=43 (full 0):
 garbage-first heap   total 181248K, used 103196K [0x0000000080000000, 0x0000000100000000)
  region size 1024K, 6 young (6144K), 6 survivors (6144K)
 Metaspace       used 104181K, committed 104960K, reserved 1146880K
  class space    used 14023K, committed 14400K, reserved 1048576K
}
Event: 43.320 GC heap before
{Heap before GC invocations=44 (full 0):
 garbage-first heap   total 181248K, used 147228K [0x0000000080000000, 0x0000000100000000)
  region size 1024K, 48 young (49152K), 6 survivors (6144K)
 Metaspace       used 107390K, committed 108096K, reserved 1146880K
  class space    used 14458K, committed 14784K, reserved 1048576K
}
Event: 43.347 GC heap after
{Heap after GC invocations=45 (full 0):
 garbage-first heap   total 181248K, used 118125K [0x0000000080000000, 0x0000000100000000)
  region size 1024K, 6 young (6144K), 6 survivors (6144K)
 Metaspace       used 107390K, committed 108096K, reserved 1146880K
  class space    used 14458K, committed 14784K, reserved 1048576K
}
Event: 43.409 GC heap before
{Heap before GC invocations=45 (full 0):
 garbage-first heap   total 181248K, used 120173K [0x0000000080000000, 0x0000000100000000)
  region size 1024K, 8 young (8192K), 6 survivors (6144K)
 Metaspace       used 107411K, committed 108096K, reserved 1146880K
  class space    used 14458K, committed 14784K, reserved 1048576K
}
Event: 43.421 GC heap after
{Heap after GC invocations=46 (full 0):
 garbage-first heap   total 181248K, used 119404K [0x0000000080000000, 0x0000000100000000)
  region size 1024K, 1 young (1024K), 1 survivors (1024K)
 Metaspace       used 107411K, committed 108096K, reserved 1146880K
  class space    used 14458K, committed 14784K, reserved 1048576K
}
Event: 44.931 GC heap before
{Heap before GC invocations=46 (full 0):
 garbage-first heap   total 181248K, used 152172K [0x0000000080000000, 0x0000000100000000)
  region size 1024K, 26 young (26624K), 1 survivors (1024K)
 Metaspace       used 107693K, committed 108352K, reserved 1146880K
  class space    used 14478K, committed 14784K, reserved 1048576K
}
Event: 44.937 GC heap after
{Heap after GC invocations=47 (full 0):
 garbage-first heap   total 181248K, used 126969K [0x0000000080000000, 0x0000000100000000)
  region size 1024K, 4 young (4096K), 4 survivors (4096K)
 Metaspace       used 107693K, committed 108352K, reserved 1146880K
  class space    used 14478K, committed 14784K, reserved 1048576K
}
Event: 46.035 GC heap before
{Heap before GC invocations=47 (full 0):
 garbage-first heap   total 181248K, used 146425K [0x0000000080000000, 0x0000000100000000)
  region size 1024K, 24 young (24576K), 4 survivors (4096K)
 Metaspace       used 110296K, committed 111040K, reserved 1146880K
  class space    used 14780K, committed 15104K, reserved 1048576K
}
Event: 46.041 GC heap after
{Heap after GC invocations=48 (full 0):
 garbage-first heap   total 181248K, used 126824K [0x0000000080000000, 0x0000000100000000)
  region size 1024K, 2 young (2048K), 2 survivors (2048K)
 Metaspace       used 110296K, committed 111040K, reserved 1146880K
  class space    used 14780K, committed 15104K, reserved 1048576K
}
Event: 46.620 GC heap before
{Heap before GC invocations=48 (full 0):
 garbage-first heap   total 181248K, used 145256K [0x0000000080000000, 0x0000000100000000)
  region size 1024K, 15 young (15360K), 2 survivors (2048K)
 Metaspace       used 110399K, committed 111104K, reserved 1146880K
  class space    used 14786K, committed 15104K, reserved 1048576K
}
Event: 46.632 GC heap after
{Heap after GC invocations=49 (full 0):
 garbage-first heap   total 181248K, used 136480K [0x0000000080000000, 0x0000000100000000)
  region size 1024K, 3 young (3072K), 3 survivors (3072K)
 Metaspace       used 110399K, committed 111104K, reserved 1146880K
  class space    used 14786K, committed 15104K, reserved 1048576K
}
Event: 47.012 GC heap before
{Heap before GC invocations=50 (full 0):
 garbage-first heap   total 250880K, used 155936K [0x0000000080000000, 0x0000000100000000)
  region size 1024K, 13 young (13312K), 3 survivors (3072K)
 Metaspace       used 111058K, committed 111744K, reserved 1146880K
  class space    used 14848K, committed 15168K, reserved 1048576K
}
Event: 47.021 GC heap after
{Heap after GC invocations=51 (full 0):
 garbage-first heap   total 250880K, used 134180K [0x0000000080000000, 0x0000000100000000)
  region size 1024K, 2 young (2048K), 2 survivors (2048K)
 Metaspace       used 111058K, committed 111744K, reserved 1146880K
  class space    used 14848K, committed 15168K, reserved 1048576K
}
Event: 47.302 GC heap before
{Heap before GC invocations=51 (full 0):
 garbage-first heap   total 250880K, used 143396K [0x0000000080000000, 0x0000000100000000)
  region size 1024K, 12 young (12288K), 2 survivors (2048K)
 Metaspace       used 112664K, committed 113344K, reserved 1146880K
  class space    used 14984K, committed 15296K, reserved 1048576K
}

